2025-09-01 13:32:00 | INFO | repo=system-int | action=commit
2025-03-19 16:28:00 | DEBUG | repo=system-int | action=test | passed=true
2025-04-07 15:40:00 | WARN | repo=system-int | action=test | passed=true
2025-05-11 07:37:00 | WARN | repo=system-int | action=commit
2025-02-04 18:58:00 | WARN | repo=system-int | action=test | passed=true
2025-11-27 16:03:00 | INFO | repo=system-int | action=pull
2025-12-09 07:41:00 | INFO | repo=system-int | action=test | passed=true
2025-07-15 19:16:00 | WARN | repo=system-int | action=test | passed=true
2025-02-04 20:37:00 | DEBUG | repo=system-int | action=edit | files=2
2025-08-11 09:51:00 | WARN | repo=system-int | action=pull
2025-07-10 11:15:00 | DEBUG | repo=system-int | action=commit
2025-10-14 17:30:00 | DEBUG | repo=system-int | action=test | passed=true
2025-05-09 08:04:00 | INFO | repo=system-int | action=commit
2025-06-12 08:05:00 | DEBUG | repo=system-int | action=test | passed=true
2025-01-26 21:53:00 | WARN | repo=system-int | action=test | passed=true
2025-03-10 08:23:00 | WARN | repo=system-int | action=pull
2025-10-12 18:26:00 | INFO | repo=system-int | action=test | passed=true
2025-12-20 16:40:00 | WARN | repo=system-int | action=commit
2025-11-03 18:38:00 | WARN | repo=system-int | action=commit
2025-06-13 14:38:00 | DEBUG | repo=system-int | action=commit
2025-08-09 11:40:00 | INFO | repo=system-int | action=test | passed=true
2025-12-09 14:16:00 | DEBUG | repo=system-int | action=test | passed=true
2025-04-12 19:24:00 | DEBUG | repo=system-int | action=pull
2025-01-23 17:47:00 | WARN | repo=system-int | action=edit | files=4
2025-03-17 21:01:00 | WARN | repo=system-int | action=commit
2025-11-16 09:58:00 | WARN | repo=system-int | action=commit
2025-02-11 10:28:00 | WARN | repo=system-int | action=commit
2025-12-09 11:43:00 | WARN | repo=system-int | action=edit | files=2
2025-02-07 08:46:00 | WARN | repo=system-int | action=commit
2025-03-18 20:33:00 | WARN | repo=system-int | action=commit
2025-08-22 19:32:00 | DEBUG | repo=system-int | action=edit | files=1
2025-11-15 13:17:00 | DEBUG | repo=system-int | action=pull
2025-11-06 13:08:00 | DEBUG | repo=system-int | action=commit
2025-01-06 18:52:00 | INFO | repo=system-int | action=test | passed=true
2025-07-28 08:11:00 | DEBUG | repo=system-int | action=pull
2025-02-28 11:19:00 | DEBUG | repo=system-int | action=pull
2025-12-24 21:02:00 | INFO | repo=system-int | action=test | passed=true
2025-03-06 15:13:00 | DEBUG | repo=system-int | action=commit
2025-11-02 16:31:00 | WARN | repo=system-int | action=test | passed=true
2025-10-06 07:08:00 | DEBUG | repo=system-int | action=edit | files=5
2025-12-14 07:13:00 | DEBUG | repo=system-int | action=test | passed=true
2025-03-19 15:58:00 | WARN | repo=system-int | action=edit | files=1
2025-05-15 18:56:00 | INFO | repo=system-int | action=commit
2025-06-15 14:53:00 | INFO | repo=system-int | action=pull
2025-05-23 15:37:00 | DEBUG | repo=system-int | action=test | passed=true
2025-11-01 08:34:00 | DEBUG | repo=system-int | action=commit
2025-10-15 08:10:00 | DEBUG | repo=system-int | action=test | passed=true
2025-01-07 21:54:00 | DEBUG | repo=system-int | action=commit
2025-01-06 17:54:00 | DEBUG | repo=system-int | action=edit | files=2
2025-05-06 10:27:00 | WARN | repo=system-int | action=commit
2025-09-11 11:51:00 | INFO | repo=system-int | action=test | passed=true
2025-07-19 19:38:00 | INFO | repo=system-int | action=commit
2025-08-24 19:31:00 | WARN | repo=system-int | action=pull
2025-08-09 15:24:00 | DEBUG | repo=system-int | action=commit
2025-10-18 10:17:00 | DEBUG | repo=system-int | action=pull
2025-06-28 21:56:00 | DEBUG | repo=system-int | action=test | passed=true
2025-05-08 19:31:00 | WARN | repo=system-int | action=test | passed=true
2025-02-09 18:33:00 | WARN | repo=system-int | action=edit | files=4
2025-10-24 17:08:00 | DEBUG | repo=system-int | action=commit
2025-05-06 21:20:00 | DEBUG | repo=system-int | action=commit
2025-02-17 08:20:00 | DEBUG | repo=system-int | action=commit
2025-05-10 11:49:00 | INFO | repo=system-int | action=edit | files=1
2025-08-12 17:28:00 | DEBUG | repo=system-int | action=pull
2025-11-03 21:14:00 | DEBUG | repo=system-int | action=commit
2025-03-22 19:41:00 | INFO | repo=system-int | action=commit
2025-07-09 18:15:00 | DEBUG | repo=system-int | action=pull
2025-12-20 12:29:00 | DEBUG | repo=system-int | action=commit
2025-05-08 20:28:00 | INFO | repo=system-int | action=test | passed=true
2025-05-08 09:49:00 | WARN | repo=system-int | action=commit
2025-11-08 12:41:00 | INFO | repo=system-int | action=test | passed=true
2025-10-03 07:33:00 | INFO | repo=system-int | action=edit | files=2
2025-01-11 13:18:00 | WARN | repo=system-int | action=pull
2025-03-05 08:31:00 | WARN | repo=system-int | action=commit
2025-11-19 12:50:00 | INFO | repo=system-int | action=commit
2025-01-23 07:36:00 | INFO | repo=system-int | action=commit
2025-08-25 12:59:00 | WARN | repo=system-int | action=commit
2025-06-28 18:29:00 | WARN | repo=system-int | action=commit
2025-01-24 13:24:00 | DEBUG | repo=system-int | action=commit
2025-02-03 19:26:00 | DEBUG | repo=system-int | action=edit | files=5
2025-03-06 20:00:00 | INFO | repo=system-int | action=pull
2025-06-16 17:31:00 | DEBUG | repo=system-int | action=pull
2025-04-12 10:43:00 | INFO | repo=system-int | action=commit
2025-04-10 11:49:00 | INFO | repo=system-int | action=commit
2025-06-10 12:02:00 | INFO | repo=system-int | action=pull
2025-05-13 07:33:00 | WARN | repo=system-int | action=test | passed=true
2025-03-02 11:40:00 | DEBUG | repo=system-int | action=edit | files=4
2025-04-26 08:58:00 | WARN | repo=system-int | action=commit
2025-10-08 09:26:00 | DEBUG | repo=system-int | action=test | passed=true
2025-01-23 13:02:00 | WARN | repo=system-int | action=commit
2025-07-09 11:10:00 | DEBUG | repo=system-int | action=commit
2025-02-13 17:07:00 | DEBUG | repo=system-int | action=pull
2025-03-27 17:29:00 | INFO | repo=system-int | action=commit
2025-09-04 19:12:00 | DEBUG | repo=system-int | action=test | passed=true
2025-02-10 10:52:00 | WARN | repo=system-int | action=test | passed=true
2025-11-11 08:17:00 | DEBUG | repo=system-int | action=edit | files=2
2025-04-28 19:48:00 | WARN | repo=system-int | action=test | passed=true
2025-02-16 11:15:00 | WARN | repo=system-int | action=commit
2025-12-19 08:43:00 | INFO | repo=system-int | action=commit
2025-09-11 17:00:00 | DEBUG | repo=system-int | action=test | passed=true
2025-01-21 18:17:00 | DEBUG | repo=system-int | action=commit
2025-09-27 07:56:00 | INFO | repo=system-int | action=commit
2025-03-14 18:49:00 | WARN | repo=system-int | action=commit
2025-08-07 07:19:00 | DEBUG | repo=system-int | action=edit | files=1
2025-01-11 10:58:00 | INFO | repo=system-int | action=commit
2025-10-17 17:28:00 | WARN | repo=system-int | action=edit | files=3
2025-07-08 14:00:00 | WARN | repo=system-int | action=edit | files=5
2025-02-16 07:43:00 | WARN | repo=system-int | action=edit | files=3
2025-08-01 21:53:00 | WARN | repo=system-int | action=edit | files=4
2025-05-21 08:16:00 | INFO | repo=system-int | action=test | passed=true
2025-05-27 07:34:00 | DEBUG | repo=system-int | action=commit
2025-10-25 07:55:00 | INFO | repo=system-int | action=test | passed=true
2025-06-22 11:55:00 | INFO | repo=system-int | action=edit | files=4
2025-06-03 12:06:00 | INFO | repo=system-int | action=commit
2025-09-12 07:42:00 | DEBUG | repo=system-int | action=edit | files=3
2025-08-07 16:52:00 | WARN | repo=system-int | action=test | passed=true
2025-08-06 21:25:00 | WARN | repo=system-int | action=commit
2025-06-13 10:05:00 | DEBUG | repo=system-int | action=test | passed=true
2025-04-21 21:28:00 | DEBUG | repo=system-int | action=edit | files=2
2025-12-27 13:34:00 | INFO | repo=system-int | action=test | passed=true
2025-12-28 19:32:00 | DEBUG | repo=system-int | action=edit | files=3
2025-04-19 07:52:00 | DEBUG | repo=system-int | action=edit | files=1
2025-03-01 13:15:00 | INFO | repo=system-int | action=edit | files=2
2025-03-27 19:44:00 | WARN | repo=system-int | action=pull
2025-12-10 10:50:00 | DEBUG | repo=system-int | action=commit
2025-03-26 11:12:00 | WARN | repo=system-int | action=commit
2025-01-12 17:29:00 | WARN | repo=system-int | action=test | passed=true
2025-01-11 18:31:00 | DEBUG | repo=system-int | action=commit
2025-06-20 12:06:00 | INFO | repo=system-int | action=pull
2025-08-27 18:22:00 | DEBUG | repo=system-int | action=commit
2025-09-18 07:56:00 | INFO | repo=system-int | action=commit
2025-04-05 07:26:00 | INFO | repo=system-int | action=pull
2025-11-16 14:54:00 | WARN | repo=system-int | action=commit
2025-01-01 12:44:00 | WARN | repo=system-int | action=commit
2025-10-27 21:27:00 | WARN | repo=system-int | action=edit | files=3
2025-02-11 08:05:00 | WARN | repo=system-int | action=commit
2025-03-13 10:57:00 | WARN | repo=system-int | action=test | passed=true
2025-11-15 19:57:00 | DEBUG | repo=system-int | action=commit
2025-10-14 18:40:00 | DEBUG | repo=system-int | action=commit
2025-01-07 18:50:00 | INFO | repo=system-int | action=commit
2025-09-07 07:15:00 | INFO | repo=system-int | action=edit | files=2
2025-09-09 11:01:00 | INFO | repo=system-int | action=test | passed=true
2025-04-15 19:59:00 | INFO | repo=system-int | action=commit
2025-11-12 07:23:00 | DEBUG | repo=system-int | action=edit | files=1
2025-10-21 15:55:00 | WARN | repo=system-int | action=commit
2025-04-07 09:32:00 | DEBUG | repo=system-int | action=edit | files=2
2025-11-19 13:25:00 | WARN | repo=system-int | action=edit | files=5
2025-04-19 08:04:00 | WARN | repo=system-int | action=commit
2025-11-04 14:35:00 | INFO | repo=system-int | action=pull
2025-10-13 13:28:00 | INFO | repo=system-int | action=commit
2025-07-27 09:21:00 | DEBUG | repo=system-int | action=edit | files=3
2025-10-26 18:11:00 | INFO | repo=system-int | action=pull
2025-09-03 08:21:00 | WARN | repo=system-int | action=commit
2025-10-24 12:54:00 | DEBUG | repo=system-int | action=commit
2025-06-20 16:53:00 | WARN | repo=system-int | action=commit
2025-11-01 19:08:00 | DEBUG | repo=system-int | action=test | passed=true
2025-05-24 09:15:00 | DEBUG | repo=system-int | action=test | passed=true
2025-10-18 20:00:00 | DEBUG | repo=system-int | action=edit | files=1
2025-03-14 13:13:00 | WARN | repo=system-int | action=commit
